-------------------------------------------------------------------------------
Test set: controller.AgendamentoDAOTest
-------------------------------------------------------------------------------
Tests run: 1, Failures: 1, Errors: 0, Skipped: 0, Time elapsed: 0.48 s <<< FAILURE! - in controller.AgendamentoDAOTest
testCadastrarAgendamento  Time elapsed: 0.469 s  <<< FAILURE!
org.opentest4j.AssertionFailedError: expected: <Victor> but was: <Teste>
	at controller.AgendamentoDAOTest.testCadastrarAgendamento(AgendamentoDAOTest.java:87)

