-------------------------------------------------------------------------------
Test set: controller.AgendamentoDAOTest
-------------------------------------------------------------------------------
Tests run: 1, Failures: 1, Errors: 0, Skipped: 0, Time elapsed: 0.339 s <<< FAILURE! - in controller.AgendamentoDAOTest
testConsultacli  Time elapsed: 0.333 s  <<< FAILURE!
org.opentest4j.AssertionFailedError: expected: <07/01/2024> but was: <Victor>
	at controller.AgendamentoDAOTest.testConsultacli(AgendamentoDAOTest.java:146)

