<?xml version="1.0" encoding="UTF-8"?>
<testsuite xmlns:xsi="http://www.w3.org/2001/XMLSchema-instance" xsi:noNamespaceSchemaLocation="https://maven.apache.org/surefire/maven-surefire-plugin/xsd/surefire-test-report.xsd" name="controller.AgendamentoDAOTest" time="0.339" tests="1" errors="0" skipped="0" failures="1">
  <properties>
[...]
</properties>
  <testcase name="testConsultacli" classname="controller.AgendamentoDAOTest" time="0.333">
    <failure message="expected: &lt;07/01/2024&gt; but was: &lt;Victor&gt;" type="org.opentest4j.AssertionFailedError"><![CDATA[org.opentest4j.AssertionFailedError: expected: <07/01/2024> but was: <Victor>
	at controller.AgendamentoDAOTest.testConsultacli(AgendamentoDAOTest.java:146)
]]></failure>
  </testcase>
</testsuite>