<?xml version="1.0" encoding="UTF-8"?>
<testsuite xmlns:xsi="http://www.w3.org/2001/XMLSchema-instance" xsi:noNamespaceSchemaLocation="https://maven.apache.org/surefire/maven-surefire-plugin/xsd/surefire-test-report.xsd" name="controller.AgendamentoDAOTest" time="3.236" tests="6" errors="0" skipped="0" failures="0">
  <properties>
[...]
</properties>
  <testcase name="testConsultacli" classname="controller.AgendamentoDAOTest" time="0.318"/>
  <testcase name="testAlterarAgendamento" classname="controller.AgendamentoDAOTest" time="1.681"/>
  <testcase name="testRead" classname="controller.AgendamentoDAOTest" time="0.06"/>
  <testcase name="testExcluiAgendamento" classname="controller.AgendamentoDAOTest" time="0.933"/>
  <testcase name="testConsultacliNome" classname="controller.AgendamentoDAOTest" time="0.12"/>
  <testcase name="testCadastrarAgendamento" classname="controller.AgendamentoDAOTest" time="0.115"/>
</testsuite>