-------------------------------------------------------------------------------
Test set: view.JanelaLoginTest
-------------------------------------------------------------------------------
Tests run: 1, Failures: 1, Errors: 0, Skipped: 0, Time elapsed: 1.612 s <<< FAILURE! - in view.JanelaLoginTest
logarTestFalse  Time elapsed: 0.276 s  <<< FAILURE!
org.opentest4j.AssertionFailedError: expected: <usuario e/ou senha invalido> but was: <login realizado com sucesso>
	at view.JanelaLoginTest.logarTestFalse(JanelaLoginTest.java:28)

